<?xml version="1.0" encoding="UTF-8"?>
<testsuite xmlns:xsi="http://www.w3.org/2001/XMLSchema-instance" xsi:noNamespaceSchemaLocation="https://maven.apache.org/surefire/maven-surefire-plugin/xsd/surefire-test-report.xsd" name="PrzyciskiTest" time="18.471" tests="13" errors="0" skipped="0" failures="0">
  <properties>
    <property name="java.specification.version" value="13"/>
    <property name="sun.cpu.isalist" value="amd64"/>
    <property name="sun.jnu.encoding" value="Cp1250"/>
    <property name="java.class.path" value="C:\Users\Kubol\Desktop\workspace\laboratorium-6-zadanie-5-jsildatk\target\test-classes;C:\Users\Kubol\Desktop\workspace\laboratorium-6-zadanie-5-jsildatk\target\classes;C:\Users\Kubol\.m2\repository\org\junit\jupiter\junit-jupiter\5.6.0\junit-jupiter-5.6.0.jar;C:\Users\Kubol\.m2\repository\org\junit\jupiter\junit-jupiter-api\5.6.0\junit-jupiter-api-5.6.0.jar;C:\Users\Kubol\.m2\repository\org\apiguardian\apiguardian-api\1.1.0\apiguardian-api-1.1.0.jar;C:\Users\Kubol\.m2\repository\org\opentest4j\opentest4j\1.2.0\opentest4j-1.2.0.jar;C:\Users\Kubol\.m2\repository\org\junit\platform\junit-platform-commons\1.6.0\junit-platform-commons-1.6.0.jar;C:\Users\Kubol\.m2\repository\org\junit\jupiter\junit-jupiter-params\5.6.0\junit-jupiter-params-5.6.0.jar;C:\Users\Kubol\.m2\repository\org\junit\jupiter\junit-jupiter-engine\5.6.0\junit-jupiter-engine-5.6.0.jar;C:\Users\Kubol\.m2\repository\org\junit\platform\junit-platform-engine\1.6.0\junit-platform-engine-1.6.0.jar;C:\Users\Kubol\.m2\repository\org\swinglabs\swingx\1.6.1\swingx-1.6.1.jar;C:\Users\Kubol\.m2\repository\com\jhlabs\filters\2.0.235\filters-2.0.235.jar;C:\Users\Kubol\.m2\repository\org\swinglabs\swing-worker\1.1\swing-worker-1.1.jar;C:\Users\Kubol\.m2\repository\org\assertj\assertj-swing-junit\3.9.2\assertj-swing-junit-3.9.2.jar;C:\Users\Kubol\.m2\repository\junit\junit\4.12\junit-4.12.jar;C:\Users\Kubol\.m2\repository\org\hamcrest\hamcrest-core\1.3\hamcrest-core-1.3.jar;C:\Users\Kubol\.m2\repository\org\assertj\assertj-swing\3.9.2\assertj-swing-3.9.2.jar;C:\Users\Kubol\.m2\repository\org\assertj\assertj-core\3.11.1\assertj-core-3.11.1.jar;C:\Users\Kubol\.m2\repository\org\easytesting\fest-util\1.2.5\fest-util-1.2.5.jar;C:\Users\Kubol\.m2\repository\org\easytesting\fest-reflect\1.4.1\fest-reflect-1.4.1.jar;"/>
    <property name="java.vm.vendor" value="Oracle Corporation"/>
    <property name="sun.arch.data.model" value="64"/>
    <property name="user.variant" value=""/>
    <property name="java.vendor.url" value="https://java.oracle.com/"/>
    <property name="user.timezone" value="Europe/Warsaw"/>
    <property name="os.name" value="Windows 10"/>
    <property name="java.vm.specification.version" value="13"/>
    <property name="sun.java.launcher" value="SUN_STANDARD"/>
    <property name="user.country" value="PL"/>
    <property name="sun.boot.library.path" value="C:\Program Files\Java\jdk-13.0.2\bin"/>
    <property name="sun.java.command" value="C:\Users\Kubol\AppData\Local\Temp\surefire15958233320747820866\surefirebooter5036763293975543378.jar C:\Users\Kubol\AppData\Local\Temp\surefire15958233320747820866 2020-03-23T18-20-38_745-jvmRun1 surefire4385170745642019900tmp surefire_08029839706109385805tmp"/>
    <property name="jdk.debug" value="release"/>
    <property name="surefire.test.class.path" value="C:\Users\Kubol\Desktop\workspace\laboratorium-6-zadanie-5-jsildatk\target\test-classes;C:\Users\Kubol\Desktop\workspace\laboratorium-6-zadanie-5-jsildatk\target\classes;C:\Users\Kubol\.m2\repository\org\junit\jupiter\junit-jupiter\5.6.0\junit-jupiter-5.6.0.jar;C:\Users\Kubol\.m2\repository\org\junit\jupiter\junit-jupiter-api\5.6.0\junit-jupiter-api-5.6.0.jar;C:\Users\Kubol\.m2\repository\org\apiguardian\apiguardian-api\1.1.0\apiguardian-api-1.1.0.jar;C:\Users\Kubol\.m2\repository\org\opentest4j\opentest4j\1.2.0\opentest4j-1.2.0.jar;C:\Users\Kubol\.m2\repository\org\junit\platform\junit-platform-commons\1.6.0\junit-platform-commons-1.6.0.jar;C:\Users\Kubol\.m2\repository\org\junit\jupiter\junit-jupiter-params\5.6.0\junit-jupiter-params-5.6.0.jar;C:\Users\Kubol\.m2\repository\org\junit\jupiter\junit-jupiter-engine\5.6.0\junit-jupiter-engine-5.6.0.jar;C:\Users\Kubol\.m2\repository\org\junit\platform\junit-platform-engine\1.6.0\junit-platform-engine-1.6.0.jar;C:\Users\Kubol\.m2\repository\org\swinglabs\swingx\1.6.1\swingx-1.6.1.jar;C:\Users\Kubol\.m2\repository\com\jhlabs\filters\2.0.235\filters-2.0.235.jar;C:\Users\Kubol\.m2\repository\org\swinglabs\swing-worker\1.1\swing-worker-1.1.jar;C:\Users\Kubol\.m2\repository\org\assertj\assertj-swing-junit\3.9.2\assertj-swing-junit-3.9.2.jar;C:\Users\Kubol\.m2\repository\junit\junit\4.12\junit-4.12.jar;C:\Users\Kubol\.m2\repository\org\hamcrest\hamcrest-core\1.3\hamcrest-core-1.3.jar;C:\Users\Kubol\.m2\repository\org\assertj\assertj-swing\3.9.2\assertj-swing-3.9.2.jar;C:\Users\Kubol\.m2\repository\org\assertj\assertj-core\3.11.1\assertj-core-3.11.1.jar;C:\Users\Kubol\.m2\repository\org\easytesting\fest-util\1.2.5\fest-util-1.2.5.jar;C:\Users\Kubol\.m2\repository\org\easytesting\fest-reflect\1.4.1\fest-reflect-1.4.1.jar;"/>
    <property name="sun.cpu.endian" value="little"/>
    <property name="user.home" value="C:\Users\Kubol"/>
    <property name="user.language" value="pl"/>
    <property name="java.specification.vendor" value="Oracle Corporation"/>
    <property name="java.version.date" value="2020-01-14"/>
    <property name="java.home" value="C:\Program Files\Java\jdk-13.0.2"/>
    <property name="file.separator" value="\"/>
    <property name="basedir" value="C:\Users\Kubol\Desktop\workspace\laboratorium-6-zadanie-5-jsildatk"/>
    <property name="java.vm.compressedOopsMode" value="Zero based"/>
    <property name="line.separator" value="&#10;"/>
    <property name="java.vm.specification.vendor" value="Oracle Corporation"/>
    <property name="java.specification.name" value="Java Platform API Specification"/>
    <property name="surefire.real.class.path" value="C:\Users\Kubol\AppData\Local\Temp\surefire15958233320747820866\surefirebooter5036763293975543378.jar"/>
    <property name="user.script" value=""/>
    <property name="sun.management.compiler" value="HotSpot 64-Bit Tiered Compilers"/>
    <property name="java.runtime.version" value="13.0.2+8"/>
    <property name="user.name" value="Kubol"/>
    <property name="path.separator" value=";"/>
    <property name="os.version" value="10.0"/>
    <property name="java.runtime.name" value="Java(TM) SE Runtime Environment"/>
    <property name="file.encoding" value="Cp1250"/>
    <property name="java.vm.name" value="Java HotSpot(TM) 64-Bit Server VM"/>
    <property name="localRepository" value="C:\Users\Kubol\.m2\repository"/>
    <property name="java.vendor.url.bug" value="https://bugreport.java.com/bugreport/"/>
    <property name="java.io.tmpdir" value="C:\Users\Kubol\AppData\Local\Temp\"/>
    <property name="java.version" value="13.0.2"/>
    <property name="user.dir" value="C:\Users\Kubol\Desktop\workspace\laboratorium-6-zadanie-5-jsildatk"/>
    <property name="os.arch" value="amd64"/>
    <property name="java.vm.specification.name" value="Java Virtual Machine Specification"/>
    <property name="sun.os.patch.level" value=""/>
    <property name="java.library.path" value="C:\Program Files\Java\jdk-13.0.2\bin;C:\Windows\Sun\Java\bin;C:\Windows\system32;C:\Windows;C:\Users\Kubol\Downloads\cmder\bin;C:\Users\Kubol\Downloads\cmder\vendor\bin;C:\Users\Kubol\Downloads\cmder\vendor\conemu-maximus5\ConEmu\Scripts;C:\Users\Kubol\Downloads\cmder\vendor\conemu-maximus5;C:\Users\Kubol\Downloads\cmder\vendor\conemu-maximus5\ConEmu;C:\Program Files\Python38\Scripts\;C:\Program Files\Python38\;C:\Windows\system32;C:\Windows;C:\Windows\System32\Wbem;C:\Windows\System32\WindowsPowerShell\v1.0\;C:\Windows\System32\OpenSSH\;C:\Program Files\NVIDIA Corporation\NVIDIA NvDLISR;C:\Program Files (x86)\NVIDIA Corporation\PhysX\Common;C:\Program Files (x86)\Kaspersky Lab\Kaspersky Endpoint Security for Windows\;C:\Users\Kubol\Downloads\apache-maven-3.6.3\bin;C:\Program Files\dotnet\;C:\Program Files\mingw-w64\x86_64-8.1.0-posix-seh-rt_v6-rev0\mingw64\bin;C:\Users\Kubol\AppData\Local\Microsoft\WindowsApps;C:\Program Files\JetBrains\JetBrains Rider 2019.3.4\bin;C:\Users\Kubol\.dotnet\tools;C:\Users\Kubol\Downloads\cmder\vendor\git-for-windows\cmd;C:\Users\Kubol\Downloads\cmder\vendor\git-for-windows\mingw64\bin;C:\Users\Kubol\Downloads\cmder\vendor\git-for-windows\usr\bin;C:\Users\Kubol\Downloads\cmder;."/>
    <property name="java.vm.info" value="mixed mode, sharing"/>
    <property name="java.vendor" value="Oracle Corporation"/>
    <property name="java.vm.version" value="13.0.2+8"/>
    <property name="sun.io.unicode.encoding" value="UnicodeLittle"/>
    <property name="java.class.version" value="57.0"/>
  </properties>
  <testcase name="shouldContainZeroAfterClickingResetButtonWithInsertedValue" classname="PrzyciskiTest" time="3.08"/>
  <testcase name="shouldContainFourAfterClickingFiveButtons" classname="PrzyciskiTest" time="1.768"/>
  <testcase name="shouldContainZeroAfterClickingResetButtonWithInsertedString" classname="PrzyciskiTest" time="2.407"/>
  <testcase name="shouldContain1AfterClickingInB4Button" classname="PrzyciskiTest" time="0.784"/>
  <testcase name="shouldContainThreeAfterClickingFourButtons" classname="PrzyciskiTest" time="1.516"/>
  <testcase name="shouldContainZeroAfterClickingResetButton" classname="PrzyciskiTest" time="1"/>
  <testcase name="shouldContain1AfterClickingInB1Button" classname="PrzyciskiTest" time="0.784"/>
  <testcase name="shouldContain10AfterClicking10TimesOneButton" classname="PrzyciskiTest" time="3.004"/>
  <testcase name="shouldContain1AfterClickingInB2Button" classname="PrzyciskiTest" time="0.779"/>
  <testcase name="shouldContainZeroAfterClickingResetButtonWithEmptyTextBox" classname="PrzyciskiTest" time="0.772"/>
  <testcase name="shouldHaveTitleName" classname="PrzyciskiTest" time="0.541"/>
  <testcase name="shouldContain1AfterClickingInB3Button" classname="PrzyciskiTest" time="0.768"/>
  <testcase name="shouldContainThreeAfterClickingThreeButtons" classname="PrzyciskiTest" time="1.257"/>
</testsuite>